<?xml version="1.0" encoding="UTF-8"?>
<!-- Generated by org.testng.reporters.JUnitReportReporter -->
<testsuite hostname="DESKTOP-LU23BNS" failures="0" tests="1" name="com.cts.testCases.TC_LoginTest_001" time="18.781" errors="0" timestamp="2021-03-12T17:44:32 EST" skipped="0">
  <testcase classname="com.cts.testCases.TC_LoginTest_001" name="loginTest" time="18.781"/>
  <system-out/>
</testsuite> <!-- com.cts.testCases.TC_LoginTest_001 -->
